<?xml version="1.0" encoding="UTF-8"?>
<!-- Generated by org.testng.reporters.JUnitReportReporter -->
<testsuite skipped="0" hostname="LAPTOP-KUNU7KIN" name="day30.Groups_class" tests="9" failures="0" timestamp="2021-03-13T23:58:39 GMT" time="0.016" errors="0">
  <testcase name="loginByEmail" time="0.016" classname="day30.Groups_class"/>
  <system-out/>
  <testcase name="loginByfacebook" time="0.000" classname="day30.Groups_class"/>
  <system-out/>
  <testcase name="loginBytwitter" time="0.000" classname="day30.Groups_class"/>
  <system-out/>
  <testcase name="signupbyemail" time="0.000" classname="day30.Groups_class"/>
  <system-out/>
  <testcase name="signupbyfacebook" time="0.000" classname="day30.Groups_class"/>
  <system-out/>
  <testcase name="signupbytwitter" time="0.000" classname="day30.Groups_class"/>
  <system-out/>
  <testcase name="paymentReturnbyBank" time="0.000" classname="day30.Groups_class"/>
  <system-out/>
  <testcase name="paymentindollar" time="0.000" classname="day30.Groups_class"/>
  <system-out/>
  <testcase name="paymentinrupees" time="0.000" classname="day30.Groups_class"/>
  <system-out/>
</testsuite> <!-- day30.Groups_class -->
