<?xml version="1.0" encoding="UTF-8"?>
<!-- Generated by org.testng.reporters.JUnitReportReporter -->
<testsuite skipped="0" hostname="LAPTOP-KUNU7KIN" name="day29.annotations.BeforeClassAnotation" tests="2" failures="0" timestamp="2021-03-13T20:42:09 GMT" time="0.015" errors="0">
  <testcase name="search" time="0.012" classname="day29.annotations.BeforeClassAnotation"/>
  <system-out/>
  <testcase name="advancedsearch" time="0.003" classname="day29.annotations.BeforeClassAnotation"/>
  <system-out/>
</testsuite> <!-- day29.annotations.BeforeClassAnotation -->
