<?xml version="1.0" encoding="UTF-8"?>
<!-- Generated by org.testng.reporters.JUnitReportReporter -->
<testsuite skipped="0" hostname="LAPTOP-KUNU7KIN" name="practiceAllMethods.TestNgAnnotations" tests="2" failures="0" timestamp="2021-03-15T14:44:27 GMT" time="15.737" errors="0">
  <testcase name="LogoTest" time="7.072" classname="practiceAllMethods.TestNgAnnotations"/>
  <system-out/>
  <testcase name="titleTest" time="8.665" classname="practiceAllMethods.TestNgAnnotations"/>
  <system-out/>
</testsuite> <!-- practiceAllMethods.TestNgAnnotations -->
