<?xml version="1.0" encoding="UTF-8"?>
<!-- Generated by org.testng.reporters.JUnitReportReporter -->
<testsuite skipped="0" hostname="LAPTOP-KUNU7KIN" name="day32.paraleltesting.ParalelTestingDemo" tests="6" failures="0" timestamp="2021-03-21T13:22:59 GMT" time="0.364" errors="0">
  <testcase name="Logotest" time="0.064" classname="day32.paraleltesting.ParalelTestingDemo"/>
  <system-out/>
  <testcase name="Logotest" time="0.050" classname="day32.paraleltesting.ParalelTestingDemo"/>
  <system-out/>
  <testcase name="Logotest" time="0.113" classname="day32.paraleltesting.ParalelTestingDemo"/>
  <system-out/>
  <testcase name="gmailtest" time="0.041" classname="day32.paraleltesting.ParalelTestingDemo"/>
  <system-out/>
  <testcase name="gmailtest" time="0.051" classname="day32.paraleltesting.ParalelTestingDemo"/>
  <system-out/>
  <testcase name="gmailtest" time="0.045" classname="day32.paraleltesting.ParalelTestingDemo"/>
  <system-out/>
</testsuite> <!-- day32.paraleltesting.ParalelTestingDemo -->
