<?xml version="1.0" encoding="UTF-8"?>
<!-- Generated by org.testng.reporters.JUnitReportReporter -->
<testsuite skipped="0" hostname="LAPTOP-KUNU7KIN" name="day31.InvocationsEXample" tests="5" failures="0" timestamp="2021-03-14T12:53:14 GMT" time="21.677" errors="0">
  <testcase name="setup" time="3.941" classname="day31.InvocationsEXample"/>
  <system-out/>
  <testcase name="setup" time="3.956" classname="day31.InvocationsEXample"/>
  <system-out/>
  <testcase name="setup" time="3.932" classname="day31.InvocationsEXample"/>
  <system-out/>
  <testcase name="setup" time="5.858" classname="day31.InvocationsEXample"/>
  <system-out/>
  <testcase name="setup" time="3.990" classname="day31.InvocationsEXample"/>
  <system-out/>
</testsuite> <!-- day31.InvocationsEXample -->
