<?xml version="1.0" encoding="UTF-8"?>
<!-- Generated by org.testng.reporters.JUnitReportReporter -->
<testsuite skipped="0" hostname="LAPTOP-KUNU7KIN" name="day29.annotations.BeforeMethodannoataions" tests="2" failures="0" timestamp="2021-03-13T20:43:08 GMT" time="0.031" errors="0">
  <testcase name="search" time="0.014" classname="day29.annotations.BeforeMethodannoataions"/>
  <system-out/>
  <testcase name="advancedsearch" time="0.017" classname="day29.annotations.BeforeMethodannoataions"/>
  <system-out/>
</testsuite> <!-- day29.annotations.BeforeMethodannoataions -->
