<?xml version="1.0" encoding="UTF-8"?>
<!-- Generated by org.testng.reporters.JUnitReportReporter -->
<testsuite skipped="0" hostname="LAPTOP-KUNU7KIN" name="practiceAllMethods.DataProviderAnnoataionPractice1" tests="5" failures="0" timestamp="2021-03-21T12:34:51 GMT" time="12.804" errors="0">
  <testcase name="Login" time="1.620" classname="practiceAllMethods.DataProviderAnnoataionPractice1"/>
  <system-out/>
  <testcase name="Login" time="1.063" classname="practiceAllMethods.DataProviderAnnoataionPractice1"/>
  <system-out/>
  <testcase name="Login" time="4.693" classname="practiceAllMethods.DataProviderAnnoataionPractice1"/>
  <system-out/>
  <testcase name="Login" time="3.241" classname="practiceAllMethods.DataProviderAnnoataionPractice1"/>
  <system-out/>
  <testcase name="Login" time="2.187" classname="practiceAllMethods.DataProviderAnnoataionPractice1"/>
  <system-out/>
</testsuite> <!-- practiceAllMethods.DataProviderAnnoataionPractice1 -->
