<?xml version="1.0" encoding="UTF-8"?>
<!-- Generated by org.testng.reporters.JUnitReportReporter -->
<testsuite skipped="0" hostname="LAPTOP-KUNU7KIN" name="day30.GroupingDemo" tests="5" failures="0" timestamp="2021-03-21T17:39:44 GMT" time="4.007" errors="0">
  <testcase name="women" time="0.219" classname="day30.GroupingDemo"/>
  <system-out/>
  <testcase name="shirt" time="3.356" classname="day30.GroupingDemo"/>
  <system-out/>
  <testcase name="groups" time="0.076" classname="day30.GroupingDemo"/>
  <system-out/>
  <testcase name="product" time="0.292" classname="day30.GroupingDemo"/>
  <system-out/>
  <testcase name="validation" time="0.064" classname="day30.GroupingDemo"/>
  <system-out/>
</testsuite> <!-- day30.GroupingDemo -->
