<?xml version="1.0" encoding="UTF-8"?>
<!-- Generated by org.testng.reporters.JUnitReportReporter -->
<testsuite skipped="0" hostname="LAPTOP-KUNU7KIN" name="day29.annotations.MyTest2" tests="2" failures="0" timestamp="2021-03-10T22:16:10 GMT" time="0.003" errors="0">
  <testcase name="sample" time="0.002" classname="day29.annotations.MyTest2"/>
  <system-out/>
  <testcase name="test" time="0.001" classname="day29.annotations.MyTest2"/>
  <system-out/>
</testsuite> <!-- day29.annotations.MyTest2 -->
