<?xml version="1.0" encoding="UTF-8"?>
<!-- Generated by org.testng.reporters.JUnitReportReporter -->
<testsuite skipped="0" hostname="LAPTOP-KUNU7KIN" name="day30.OpencartLogin" tests="3" failures="0" timestamp="2021-03-11T22:45:17 GMT" time="2.436" errors="0">
  <testcase name="Myaccount" time="0.861" classname="day30.OpencartLogin"/>
  <system-out/>
  <testcase name="returningcustomer" time="1.554" classname="day30.OpencartLogin"/>
  <system-out/>
  <testcase name="validation" time="0.021" classname="day30.OpencartLogin"/>
  <system-out/>
</testsuite> <!-- day30.OpencartLogin -->
