<?xml version="1.0" encoding="UTF-8"?>
<!-- Generated by org.testng.reporters.JUnitReportReporter -->
<testsuite skipped="0" hostname="LAPTOP-KUNU7KIN" name="day29.annotations.MyTest1" tests="3" failures="0" timestamp="2021-03-10T22:16:10 GMT" time="0.020" errors="0">
  <testcase name="login" time="0.013" classname="day29.annotations.MyTest1"/>
  <system-out/>
  <testcase name="search" time="0.003" classname="day29.annotations.MyTest1"/>
  <system-out/>
  <testcase name="logout" time="0.004" classname="day29.annotations.MyTest1"/>
  <system-out/>
</testsuite> <!-- day29.annotations.MyTest1 -->
