<?xml version="1.0" encoding="UTF-8"?>
<!-- Generated by org.testng.reporters.JUnitReportReporter -->
<testsuite skipped="0" hostname="LAPTOP-KUNU7KIN" name="day29.annotations.AllAnotations" tests="3" failures="0" timestamp="2021-03-13T20:46:51 GMT" time="0.027" errors="0">
  <testcase name="test" time="0.019" classname="day29.annotations.AllAnotations"/>
  <system-out/>
  <testcase name="tm1" time="0.005" classname="day29.annotations.AllAnotations"/>
  <system-out/>
  <testcase name="tm2" time="0.003" classname="day29.annotations.AllAnotations"/>
  <system-out/>
</testsuite> <!-- day29.annotations.AllAnotations -->
