<?xml version="1.0" encoding="UTF-8"?>
<!-- Generated by org.testng.reporters.JUnitReportReporter -->
<testsuite skipped="0" hostname="LAPTOP-KUNU7KIN" name="allQuestions.Part11_dropdown" tests="1" failures="0" timestamp="2021-03-22T23:45:31 GMT" time="5.358" errors="0">
  <testcase name="Dropdown" time="5.358" classname="allQuestions.Part11_dropdown"/>
  <system-out/>
</testsuite> <!-- allQuestions.Part11_dropdown -->
