<?xml version="1.0" encoding="UTF-8"?>
<!-- Generated by org.testng.reporters.JUnitReportReporter -->
<testsuite skipped="0" hostname="LAPTOP-KUNU7KIN" name="day34_PageObjectClass.OrangeHRMTC1" tests="6" failures="0" timestamp="2021-03-21T19:37:32 GMT" time="7.189" errors="0">
  <testcase name="test_LogoPres" time="2.109" classname="day34_PageObjectClass.OrangeHRMTC1"/>
  <system-out/>
  <testcase name="test_Holepagelinks" time="0.026" classname="day34_PageObjectClass.OrangeHRMTC1"/>
  <system-out/>
  <testcase name="testLogin" time="3.615" classname="day34_PageObjectClass.OrangeHRMTC1"/>
  <system-out/>
  <testcase name="testAdmin" time="0.841" classname="day34_PageObjectClass.OrangeHRMTC1"/>
  <system-out/>
  <testcase name="testU_mangement" time="0.159" classname="day34_PageObjectClass.OrangeHRMTC1"/>
  <system-out/>
  <testcase name="test_User" time="0.439" classname="day34_PageObjectClass.OrangeHRMTC1"/>
  <system-out/>
</testsuite> <!-- day34_PageObjectClass.OrangeHRMTC1 -->
