<?xml version="1.0" encoding="UTF-8"?>
<!-- Generated by org.testng.reporters.JUnitReportReporter -->
<testsuite skipped="0" hostname="LAPTOP-KUNU7KIN" name="day31.DataProviderDemo" tests="4" failures="0" timestamp="2021-03-14T12:17:17 GMT" time="9.344" errors="0">
  <testcase name="test_login" time="3.717" classname="day31.DataProviderDemo"/>
  <system-out/>
  <testcase name="test_login" time="1.903" classname="day31.DataProviderDemo"/>
  <system-out/>
  <testcase name="test_login" time="1.855" classname="day31.DataProviderDemo"/>
  <system-out/>
  <testcase name="test_login" time="1.869" classname="day31.DataProviderDemo"/>
  <system-out/>
</testsuite> <!-- day31.DataProviderDemo -->
