<?xml version="1.0" encoding="UTF-8"?>
<!-- Generated by org.testng.reporters.JUnitReportReporter -->
<testsuite skipped="0" hostname="LAPTOP-KUNU7KIN" name="day33_ExtentReports.NopCommerce" tests="3" failures="0" timestamp="2021-03-16T20:16:55 GMT" time="6.640" errors="0">
  <testcase name="test_title" time="0.019" classname="day33_ExtentReports.NopCommerce"/>
  <system-out/>
  <testcase name="logintest" time="4.818" classname="day33_ExtentReports.NopCommerce"/>
  <system-out/>
  <testcase name="logouttest" time="1.803" classname="day33_ExtentReports.NopCommerce"/>
  <system-out/>
</testsuite> <!-- day33_ExtentReports.NopCommerce -->
