<?xml version="1.0" encoding="UTF-8"?>
<!-- Generated by org.testng.reporters.JUnitReportReporter -->
<testsuite skipped="0" hostname="LAPTOP-KUNU7KIN" name="day34_Logging.LoggingFileDemo" tests="1" failures="0" timestamp="2021-03-17T17:25:58 GMT" time="2.604" errors="0">
  <testcase name="testregistation" time="2.604" classname="day34_Logging.LoggingFileDemo"/>
  <system-out/>
</testsuite> <!-- day34_Logging.LoggingFileDemo -->
